2025-02-13 23:26:52,170 [Worker-7: Loading available Gradle versions] INFO  o.e.b.c.i.u.g.PublishedGradleVersions - Gradle version information cache is up-to-date. Trying to read.
2025-02-13 23:26:59,453 [Worker-11: Deferred Early Start] INFO  o.a.h.c.h.i.c.HttpRequestRetryExec - Recoverable I/O exception (java.net.SocketException) caught when processing request to {s}->https://www.eclipse.org:443
2025-02-13 23:27:20,634 [ModalContext] INFO  o.e.m.c.i.e.AbstractTransferListenerAdapter - Downloaded https://repo.maven.apache.org/maven2/org/apache/maven/archetypes/maven-archetype-quickstart/1.1/maven-archetype-quickstart-1.1.pom
2025-02-13 23:27:41,014 [Worker-3: Launching mavenrun-56a59b09-3cd6-4acb-a25d-874c8589c918] INFO  o.eclipse.m2e.core.internal.Bundles - getClasspathEntries(Bundle=org.eclipse.m2e.maven.runtime_3.9.700.20240602-2313 [644])
2025-02-13 23:27:41,017 [Worker-3: Launching mavenrun-56a59b09-3cd6-4acb-a25d-874c8589c918] INFO  o.eclipse.m2e.core.internal.Bundles - 	Entry: C:\Users\suresh48\.p2\pool\plugins\org.eclipse.m2e.maven.runtime_3.9.700.20240602-2313
2025-02-13 23:27:41,017 [Worker-3: Launching mavenrun-56a59b09-3cd6-4acb-a25d-874c8589c918] INFO  o.eclipse.m2e.core.internal.Bundles - 	Entry: C:\Users\suresh48\.p2\pool\plugins\org.eclipse.m2e.maven.runtime_3.9.700.20240602-2313\jars\aopalliance-1.0.jar
2025-02-13 23:27:41,018 [Worker-3: Launching mavenrun-56a59b09-3cd6-4acb-a25d-874c8589c918] INFO  o.eclipse.m2e.core.internal.Bundles - 	Entry: C:\Users\suresh48\.p2\pool\plugins\org.eclipse.m2e.maven.runtime_3.9.700.20240602-2313\jars\guice-5.1.0.jar
2025-02-13 23:27:41,018 [Worker-3: Launching mavenrun-56a59b09-3cd6-4acb-a25d-874c8589c918] INFO  o.eclipse.m2e.core.internal.Bundles - 	Entry: C:\Users\suresh48\.p2\pool\plugins\org.eclipse.m2e.maven.runtime_3.9.700.20240602-2313\jars\httpclient-4.5.14.jar
2025-02-13 23:27:41,019 [Worker-3: Launching mavenrun-56a59b09-3cd6-4acb-a25d-874c8589c918] INFO  o.eclipse.m2e.core.internal.Bundles - 	Entry: C:\Users\suresh48\.p2\pool\plugins\org.eclipse.m2e.maven.runtime_3.9.700.20240602-2313\jars\httpcore-4.4.16.jar
2025-02-13 23:27:41,019 [Worker-3: Launching mavenrun-56a59b09-3cd6-4acb-a25d-874c8589c918] INFO  o.eclipse.m2e.core.internal.Bundles - 	Entry: C:\Users\suresh48\.p2\pool\plugins\org.eclipse.m2e.maven.runtime_3.9.700.20240602-2313\jars\jansi-2.4.1.jar
2025-02-13 23:27:41,019 [Worker-3: Launching mavenrun-56a59b09-3cd6-4acb-a25d-874c8589c918] INFO  o.eclipse.m2e.core.internal.Bundles - 	Entry: C:\Users\suresh48\.p2\pool\plugins\org.eclipse.m2e.maven.runtime_3.9.700.20240602-2313\jars\jcl-over-slf4j-1.7.36.jar
2025-02-13 23:27:41,020 [Worker-3: Launching mavenrun-56a59b09-3cd6-4acb-a25d-874c8589c918] INFO  o.eclipse.m2e.core.internal.Bundles - 	Entry: C:\Users\suresh48\.p2\pool\plugins\org.eclipse.m2e.maven.runtime_3.9.700.20240602-2313\jars\maven-artifact-3.9.7.jar
2025-02-13 23:27:41,020 [Worker-3: Launching mavenrun-56a59b09-3cd6-4acb-a25d-874c8589c918] INFO  o.eclipse.m2e.core.internal.Bundles - 	Entry: C:\Users\suresh48\.p2\pool\plugins\org.eclipse.m2e.maven.runtime_3.9.700.20240602-2313\jars\maven-builder-support-3.9.7.jar
2025-02-13 23:27:41,020 [Worker-3: Launching mavenrun-56a59b09-3cd6-4acb-a25d-874c8589c918] INFO  o.eclipse.m2e.core.internal.Bundles - 	Entry: C:\Users\suresh48\.p2\pool\plugins\org.eclipse.m2e.maven.runtime_3.9.700.20240602-2313\jars\maven-compat-3.9.7.jar
2025-02-13 23:27:41,021 [Worker-3: Launching mavenrun-56a59b09-3cd6-4acb-a25d-874c8589c918] INFO  o.eclipse.m2e.core.internal.Bundles - 	Entry: C:\Users\suresh48\.p2\pool\plugins\org.eclipse.m2e.maven.runtime_3.9.700.20240602-2313\jars\maven-core-3.9.7.jar
2025-02-13 23:27:41,021 [Worker-3: Launching mavenrun-56a59b09-3cd6-4acb-a25d-874c8589c918] INFO  o.eclipse.m2e.core.internal.Bundles - 	Entry: C:\Users\suresh48\.p2\pool\plugins\org.eclipse.m2e.maven.runtime_3.9.700.20240602-2313\jars\maven-embedder-3.9.7.jar
2025-02-13 23:27:41,021 [Worker-3: Launching mavenrun-56a59b09-3cd6-4acb-a25d-874c8589c918] INFO  o.eclipse.m2e.core.internal.Bundles - 	Entry: C:\Users\suresh48\.p2\pool\plugins\org.eclipse.m2e.maven.runtime_3.9.700.20240602-2313\jars\maven-model-3.9.7.jar
2025-02-13 23:27:41,021 [Worker-3: Launching mavenrun-56a59b09-3cd6-4acb-a25d-874c8589c918] INFO  o.eclipse.m2e.core.internal.Bundles - 	Entry: C:\Users\suresh48\.p2\pool\plugins\org.eclipse.m2e.maven.runtime_3.9.700.20240602-2313\jars\maven-model-builder-3.9.7.jar
2025-02-13 23:27:41,022 [Worker-3: Launching mavenrun-56a59b09-3cd6-4acb-a25d-874c8589c918] INFO  o.eclipse.m2e.core.internal.Bundles - 	Entry: C:\Users\suresh48\.p2\pool\plugins\org.eclipse.m2e.maven.runtime_3.9.700.20240602-2313\jars\maven-plugin-api-3.9.7.jar
2025-02-13 23:27:41,022 [Worker-3: Launching mavenrun-56a59b09-3cd6-4acb-a25d-874c8589c918] INFO  o.eclipse.m2e.core.internal.Bundles - 	Entry: C:\Users\suresh48\.p2\pool\plugins\org.eclipse.m2e.maven.runtime_3.9.700.20240602-2313\jars\maven-repository-metadata-3.9.7.jar
2025-02-13 23:27:41,022 [Worker-3: Launching mavenrun-56a59b09-3cd6-4acb-a25d-874c8589c918] INFO  o.eclipse.m2e.core.internal.Bundles - 	Entry: C:\Users\suresh48\.p2\pool\plugins\org.eclipse.m2e.maven.runtime_3.9.700.20240602-2313\jars\maven-resolver-api-1.9.20.jar
2025-02-13 23:27:41,023 [Worker-3: Launching mavenrun-56a59b09-3cd6-4acb-a25d-874c8589c918] INFO  o.eclipse.m2e.core.internal.Bundles - 	Entry: C:\Users\suresh48\.p2\pool\plugins\org.eclipse.m2e.maven.runtime_3.9.700.20240602-2313\jars\maven-resolver-connector-basic-1.9.20.jar
2025-02-13 23:27:41,023 [Worker-3: Launching mavenrun-56a59b09-3cd6-4acb-a25d-874c8589c918] INFO  o.eclipse.m2e.core.internal.Bundles - 	Entry: C:\Users\suresh48\.p2\pool\plugins\org.eclipse.m2e.maven.runtime_3.9.700.20240602-2313\jars\maven-resolver-impl-1.9.20.jar
2025-02-13 23:27:41,023 [Worker-3: Launching mavenrun-56a59b09-3cd6-4acb-a25d-874c8589c918] INFO  o.eclipse.m2e.core.internal.Bundles - 	Entry: C:\Users\suresh48\.p2\pool\plugins\org.eclipse.m2e.maven.runtime_3.9.700.20240602-2313\jars\maven-resolver-named-locks-1.9.20.jar
2025-02-13 23:27:41,023 [Worker-3: Launching mavenrun-56a59b09-3cd6-4acb-a25d-874c8589c918] INFO  o.eclipse.m2e.core.internal.Bundles - 	Entry: C:\Users\suresh48\.p2\pool\plugins\org.eclipse.m2e.maven.runtime_3.9.700.20240602-2313\jars\maven-resolver-provider-3.9.7.jar
2025-02-13 23:27:41,024 [Worker-3: Launching mavenrun-56a59b09-3cd6-4acb-a25d-874c8589c918] INFO  o.eclipse.m2e.core.internal.Bundles - 	Entry: C:\Users\suresh48\.p2\pool\plugins\org.eclipse.m2e.maven.runtime_3.9.700.20240602-2313\jars\maven-resolver-spi-1.9.20.jar
2025-02-13 23:27:41,024 [Worker-3: Launching mavenrun-56a59b09-3cd6-4acb-a25d-874c8589c918] INFO  o.eclipse.m2e.core.internal.Bundles - 	Entry: C:\Users\suresh48\.p2\pool\plugins\org.eclipse.m2e.maven.runtime_3.9.700.20240602-2313\jars\maven-resolver-transport-file-1.9.20.jar
2025-02-13 23:27:41,024 [Worker-3: Launching mavenrun-56a59b09-3cd6-4acb-a25d-874c8589c918] INFO  o.eclipse.m2e.core.internal.Bundles - 	Entry: C:\Users\suresh48\.p2\pool\plugins\org.eclipse.m2e.maven.runtime_3.9.700.20240602-2313\jars\maven-resolver-transport-http-1.9.20.jar
2025-02-13 23:27:41,024 [Worker-3: Launching mavenrun-56a59b09-3cd6-4acb-a25d-874c8589c918] INFO  o.eclipse.m2e.core.internal.Bundles - 	Entry: C:\Users\suresh48\.p2\pool\plugins\org.eclipse.m2e.maven.runtime_3.9.700.20240602-2313\jars\maven-resolver-transport-wagon-1.9.20.jar
2025-02-13 23:27:41,025 [Worker-3: Launching mavenrun-56a59b09-3cd6-4acb-a25d-874c8589c918] INFO  o.eclipse.m2e.core.internal.Bundles - 	Entry: C:\Users\suresh48\.p2\pool\plugins\org.eclipse.m2e.maven.runtime_3.9.700.20240602-2313\jars\maven-resolver-util-1.9.20.jar
2025-02-13 23:27:41,025 [Worker-3: Launching mavenrun-56a59b09-3cd6-4acb-a25d-874c8589c918] INFO  o.eclipse.m2e.core.internal.Bundles - 	Entry: C:\Users\suresh48\.p2\pool\plugins\org.eclipse.m2e.maven.runtime_3.9.700.20240602-2313\jars\maven-settings-3.9.7.jar
2025-02-13 23:27:41,025 [Worker-3: Launching mavenrun-56a59b09-3cd6-4acb-a25d-874c8589c918] INFO  o.eclipse.m2e.core.internal.Bundles - 	Entry: C:\Users\suresh48\.p2\pool\plugins\org.eclipse.m2e.maven.runtime_3.9.700.20240602-2313\jars\maven-settings-builder-3.9.7.jar
2025-02-13 23:27:41,025 [Worker-3: Launching mavenrun-56a59b09-3cd6-4acb-a25d-874c8589c918] INFO  o.eclipse.m2e.core.internal.Bundles - 	Entry: C:\Users\suresh48\.p2\pool\plugins\org.eclipse.m2e.maven.runtime_3.9.700.20240602-2313\jars\maven-shared-utils-3.4.2.jar
2025-02-13 23:27:41,027 [Worker-3: Launching mavenrun-56a59b09-3cd6-4acb-a25d-874c8589c918] INFO  o.eclipse.m2e.core.internal.Bundles - 	Entry: C:\Users\suresh48\.p2\pool\plugins\org.eclipse.m2e.maven.runtime_3.9.700.20240602-2313\jars\org.eclipse.sisu.inject-0.9.0.M2.jar
2025-02-13 23:27:41,027 [Worker-3: Launching mavenrun-56a59b09-3cd6-4acb-a25d-874c8589c918] INFO  o.eclipse.m2e.core.internal.Bundles - 	Entry: C:\Users\suresh48\.p2\pool\plugins\org.eclipse.m2e.maven.runtime_3.9.700.20240602-2313\jars\org.eclipse.sisu.plexus-0.9.0.M2.jar
2025-02-13 23:27:41,027 [Worker-3: Launching mavenrun-56a59b09-3cd6-4acb-a25d-874c8589c918] INFO  o.eclipse.m2e.core.internal.Bundles - 	Entry: C:\Users\suresh48\.p2\pool\plugins\org.eclipse.m2e.maven.runtime_3.9.700.20240602-2313\jars\plexus-build-api-0.0.7.jar
2025-02-13 23:27:41,027 [Worker-3: Launching mavenrun-56a59b09-3cd6-4acb-a25d-874c8589c918] INFO  o.eclipse.m2e.core.internal.Bundles - 	Entry: C:\Users\suresh48\.p2\pool\plugins\org.eclipse.m2e.maven.runtime_3.9.700.20240602-2313\jars\plexus-build-api-1.2.0.jar
2025-02-13 23:27:41,028 [Worker-3: Launching mavenrun-56a59b09-3cd6-4acb-a25d-874c8589c918] INFO  o.eclipse.m2e.core.internal.Bundles - 	Entry: C:\Users\suresh48\.p2\pool\plugins\org.eclipse.m2e.maven.runtime_3.9.700.20240602-2313\jars\plexus-cipher-2.0.jar
2025-02-13 23:27:41,028 [Worker-3: Launching mavenrun-56a59b09-3cd6-4acb-a25d-874c8589c918] INFO  o.eclipse.m2e.core.internal.Bundles - 	Entry: C:\Users\suresh48\.p2\pool\plugins\org.eclipse.m2e.maven.runtime_3.9.700.20240602-2313\jars\plexus-classworlds-2.8.0.jar
2025-02-13 23:27:41,028 [Worker-3: Launching mavenrun-56a59b09-3cd6-4acb-a25d-874c8589c918] INFO  o.eclipse.m2e.core.internal.Bundles - 	Entry: C:\Users\suresh48\.p2\pool\plugins\org.eclipse.m2e.maven.runtime_3.9.700.20240602-2313\jars\plexus-component-annotations-2.1.0.jar
2025-02-13 23:27:41,029 [Worker-3: Launching mavenrun-56a59b09-3cd6-4acb-a25d-874c8589c918] INFO  o.eclipse.m2e.core.internal.Bundles - 	Entry: C:\Users\suresh48\.p2\pool\plugins\org.eclipse.m2e.maven.runtime_3.9.700.20240602-2313\jars\plexus-interpolation-1.27.jar
2025-02-13 23:27:41,029 [Worker-3: Launching mavenrun-56a59b09-3cd6-4acb-a25d-874c8589c918] INFO  o.eclipse.m2e.core.internal.Bundles - 	Entry: C:\Users\suresh48\.p2\pool\plugins\org.eclipse.m2e.maven.runtime_3.9.700.20240602-2313\jars\plexus-sec-dispatcher-2.0.jar
2025-02-13 23:27:41,029 [Worker-3: Launching mavenrun-56a59b09-3cd6-4acb-a25d-874c8589c918] INFO  o.eclipse.m2e.core.internal.Bundles - 	Entry: C:\Users\suresh48\.p2\pool\plugins\org.eclipse.m2e.maven.runtime_3.9.700.20240602-2313\jars\plexus-utils-3.5.1.jar
2025-02-13 23:27:41,030 [Worker-3: Launching mavenrun-56a59b09-3cd6-4acb-a25d-874c8589c918] INFO  o.eclipse.m2e.core.internal.Bundles - 	Entry: C:\Users\suresh48\.p2\pool\plugins\org.eclipse.m2e.maven.runtime_3.9.700.20240602-2313\jars\wagon-file-3.5.3.jar
2025-02-13 23:27:41,030 [Worker-3: Launching mavenrun-56a59b09-3cd6-4acb-a25d-874c8589c918] INFO  o.eclipse.m2e.core.internal.Bundles - 	Entry: C:\Users\suresh48\.p2\pool\plugins\org.eclipse.m2e.maven.runtime_3.9.700.20240602-2313\jars\wagon-http-3.5.3.jar
2025-02-13 23:27:41,030 [Worker-3: Launching mavenrun-56a59b09-3cd6-4acb-a25d-874c8589c918] INFO  o.eclipse.m2e.core.internal.Bundles - 	Entry: C:\Users\suresh48\.p2\pool\plugins\org.eclipse.m2e.maven.runtime_3.9.700.20240602-2313\jars\wagon-http-shared-3.5.3.jar
2025-02-13 23:27:41,030 [Worker-3: Launching mavenrun-56a59b09-3cd6-4acb-a25d-874c8589c918] INFO  o.eclipse.m2e.core.internal.Bundles - 	Entry: C:\Users\suresh48\.p2\pool\plugins\org.eclipse.m2e.maven.runtime_3.9.700.20240602-2313\jars\wagon-provider-api-3.5.3.jar
2025-02-13 23:27:41,033 [Worker-3: Launching mavenrun-56a59b09-3cd6-4acb-a25d-874c8589c918] INFO  o.eclipse.m2e.core.internal.Bundles - getClasspathEntries(Bundle=com.google.guava_33.2.0.jre [16])
2025-02-13 23:27:41,034 [Worker-3: Launching mavenrun-56a59b09-3cd6-4acb-a25d-874c8589c918] INFO  o.eclipse.m2e.core.internal.Bundles - 	Entry: C:\Users\suresh48\.p2\pool\plugins\com.google.guava_33.2.0.jre.jar
2025-02-13 23:27:41,034 [Worker-3: Launching mavenrun-56a59b09-3cd6-4acb-a25d-874c8589c918] INFO  o.eclipse.m2e.core.internal.Bundles - getClasspathEntries(Bundle=slf4j.api_2.0.16 [1009])
2025-02-13 23:27:41,035 [Worker-3: Launching mavenrun-56a59b09-3cd6-4acb-a25d-874c8589c918] INFO  o.eclipse.m2e.core.internal.Bundles - 	Entry: C:\Users\suresh48\.p2\pool\plugins\slf4j.api_2.0.16.jar
2025-02-13 23:27:41,035 [Worker-3: Launching mavenrun-56a59b09-3cd6-4acb-a25d-874c8589c918] INFO  o.eclipse.m2e.core.internal.Bundles - getClasspathEntries(Bundle=jakarta.inject.jakarta.inject-api_1.0.5 [33])
2025-02-13 23:27:41,036 [Worker-3: Launching mavenrun-56a59b09-3cd6-4acb-a25d-874c8589c918] INFO  o.eclipse.m2e.core.internal.Bundles - 	Entry: C:\Users\suresh48\.p2\pool\plugins\jakarta.inject.jakarta.inject-api_1.0.5.jar
2025-02-13 23:27:41,036 [Worker-3: Launching mavenrun-56a59b09-3cd6-4acb-a25d-874c8589c918] INFO  o.eclipse.m2e.core.internal.Bundles - getClasspathEntries(Bundle=javax.annotation_1.3.5.v20200909-1856 [44])
2025-02-13 23:27:41,036 [Worker-3: Launching mavenrun-56a59b09-3cd6-4acb-a25d-874c8589c918] INFO  o.eclipse.m2e.core.internal.Bundles - 	Entry: C:\Users\suresh48\.p2\pool\plugins\javax.annotation_1.3.5.v20200909-1856.jar
2025-02-13 23:27:41,036 [Worker-3: Launching mavenrun-56a59b09-3cd6-4acb-a25d-874c8589c918] INFO  o.eclipse.m2e.core.internal.Bundles - getClasspathEntries(Bundle=org.apache.commons.cli_1.8.0 [78])
2025-02-13 23:27:41,037 [Worker-3: Launching mavenrun-56a59b09-3cd6-4acb-a25d-874c8589c918] INFO  o.eclipse.m2e.core.internal.Bundles - 	Entry: C:\Users\suresh48\.p2\pool\plugins\org.apache.commons.cli_1.8.0.jar
2025-02-13 23:27:41,037 [Worker-3: Launching mavenrun-56a59b09-3cd6-4acb-a25d-874c8589c918] INFO  o.eclipse.m2e.core.internal.Bundles - getClasspathEntries(Bundle=org.apache.commons.commons-codec_1.16.0 [81])
2025-02-13 23:27:41,038 [Worker-3: Launching mavenrun-56a59b09-3cd6-4acb-a25d-874c8589c918] INFO  o.eclipse.m2e.core.internal.Bundles - 	Entry: C:\Users\suresh48\.p2\pool\plugins\org.apache.commons.commons-codec_1.16.0.jar
2025-02-13 23:27:41,038 [Worker-3: Launching mavenrun-56a59b09-3cd6-4acb-a25d-874c8589c918] INFO  o.eclipse.m2e.core.internal.Bundles - getClasspathEntries(Bundle=org.apache.commons.lang3_3.14.0 [89])
2025-02-13 23:27:41,038 [Worker-3: Launching mavenrun-56a59b09-3cd6-4acb-a25d-874c8589c918] INFO  o.eclipse.m2e.core.internal.Bundles - 	Entry: C:\Users\suresh48\.p2\pool\plugins\org.apache.commons.lang3_3.14.0.jar
2025-02-13 23:27:41,038 [Worker-3: Launching mavenrun-56a59b09-3cd6-4acb-a25d-874c8589c918] INFO  o.eclipse.m2e.core.internal.Bundles - getClasspathEntries(Bundle=com.google.guava.failureaccess_1.0.2 [17])
2025-02-13 23:27:41,039 [Worker-3: Launching mavenrun-56a59b09-3cd6-4acb-a25d-874c8589c918] INFO  o.eclipse.m2e.core.internal.Bundles - 	Entry: C:\Users\suresh48\.p2\pool\plugins\com.google.guava.failureaccess_1.0.2.jar
2025-02-13 23:27:41,048 [Worker-3: Launching mavenrun-56a59b09-3cd6-4acb-a25d-874c8589c918] INFO  o.e.m.i.launch.MavenLaunchDelegate - Run build in "C:\Users\suresh48\AppData\Local\Temp\m2e-archetypeGenerator14961982426557035735":
2025-02-13 23:27:41,053 [Worker-3: Launching mavenrun-56a59b09-3cd6-4acb-a25d-874c8589c918] INFO  o.e.m.i.launch.MavenLaunchDelegate -  mvn  -DarchetypeGroupId=org.apache.maven.archetypes -DarchetypeArtifactId=maven-archetype-quickstart -DarchetypeVersion=1.1 -DgroupId=com.app -DartifactId=Student -Dversion=0.0.1-SNAPSHOT -Dpackage=Pentagon -DoutputDirectory=C:\j2ee_workspace -Dstyle.color=always -U archetype:generate
2025-02-13 23:29:04,182 [Worker-21: Launching mavenrun-3d0547a8-5f39-451d-8d21-2ae700d89b7b] INFO  o.eclipse.m2e.core.internal.Bundles - getClasspathEntries(Bundle=org.eclipse.m2e.maven.runtime_3.9.700.20240602-2313 [644])
2025-02-13 23:29:04,184 [Worker-21: Launching mavenrun-3d0547a8-5f39-451d-8d21-2ae700d89b7b] INFO  o.eclipse.m2e.core.internal.Bundles - 	Entry: C:\Users\suresh48\.p2\pool\plugins\org.eclipse.m2e.maven.runtime_3.9.700.20240602-2313
2025-02-13 23:29:04,184 [Worker-21: Launching mavenrun-3d0547a8-5f39-451d-8d21-2ae700d89b7b] INFO  o.eclipse.m2e.core.internal.Bundles - 	Entry: C:\Users\suresh48\.p2\pool\plugins\org.eclipse.m2e.maven.runtime_3.9.700.20240602-2313\jars\aopalliance-1.0.jar
2025-02-13 23:29:04,185 [Worker-21: Launching mavenrun-3d0547a8-5f39-451d-8d21-2ae700d89b7b] INFO  o.eclipse.m2e.core.internal.Bundles - 	Entry: C:\Users\suresh48\.p2\pool\plugins\org.eclipse.m2e.maven.runtime_3.9.700.20240602-2313\jars\guice-5.1.0.jar
2025-02-13 23:29:04,185 [Worker-21: Launching mavenrun-3d0547a8-5f39-451d-8d21-2ae700d89b7b] INFO  o.eclipse.m2e.core.internal.Bundles - 	Entry: C:\Users\suresh48\.p2\pool\plugins\org.eclipse.m2e.maven.runtime_3.9.700.20240602-2313\jars\httpclient-4.5.14.jar
2025-02-13 23:29:04,185 [Worker-21: Launching mavenrun-3d0547a8-5f39-451d-8d21-2ae700d89b7b] INFO  o.eclipse.m2e.core.internal.Bundles - 	Entry: C:\Users\suresh48\.p2\pool\plugins\org.eclipse.m2e.maven.runtime_3.9.700.20240602-2313\jars\httpcore-4.4.16.jar
2025-02-13 23:29:04,185 [Worker-21: Launching mavenrun-3d0547a8-5f39-451d-8d21-2ae700d89b7b] INFO  o.eclipse.m2e.core.internal.Bundles - 	Entry: C:\Users\suresh48\.p2\pool\plugins\org.eclipse.m2e.maven.runtime_3.9.700.20240602-2313\jars\jansi-2.4.1.jar
2025-02-13 23:29:04,186 [Worker-21: Launching mavenrun-3d0547a8-5f39-451d-8d21-2ae700d89b7b] INFO  o.eclipse.m2e.core.internal.Bundles - 	Entry: C:\Users\suresh48\.p2\pool\plugins\org.eclipse.m2e.maven.runtime_3.9.700.20240602-2313\jars\jcl-over-slf4j-1.7.36.jar
2025-02-13 23:29:04,186 [Worker-21: Launching mavenrun-3d0547a8-5f39-451d-8d21-2ae700d89b7b] INFO  o.eclipse.m2e.core.internal.Bundles - 	Entry: C:\Users\suresh48\.p2\pool\plugins\org.eclipse.m2e.maven.runtime_3.9.700.20240602-2313\jars\maven-artifact-3.9.7.jar
2025-02-13 23:29:04,186 [Worker-21: Launching mavenrun-3d0547a8-5f39-451d-8d21-2ae700d89b7b] INFO  o.eclipse.m2e.core.internal.Bundles - 	Entry: C:\Users\suresh48\.p2\pool\plugins\org.eclipse.m2e.maven.runtime_3.9.700.20240602-2313\jars\maven-builder-support-3.9.7.jar
2025-02-13 23:29:04,186 [Worker-21: Launching mavenrun-3d0547a8-5f39-451d-8d21-2ae700d89b7b] INFO  o.eclipse.m2e.core.internal.Bundles - 	Entry: C:\Users\suresh48\.p2\pool\plugins\org.eclipse.m2e.maven.runtime_3.9.700.20240602-2313\jars\maven-compat-3.9.7.jar
2025-02-13 23:29:04,187 [Worker-21: Launching mavenrun-3d0547a8-5f39-451d-8d21-2ae700d89b7b] INFO  o.eclipse.m2e.core.internal.Bundles - 	Entry: C:\Users\suresh48\.p2\pool\plugins\org.eclipse.m2e.maven.runtime_3.9.700.20240602-2313\jars\maven-core-3.9.7.jar
2025-02-13 23:29:04,187 [Worker-21: Launching mavenrun-3d0547a8-5f39-451d-8d21-2ae700d89b7b] INFO  o.eclipse.m2e.core.internal.Bundles - 	Entry: C:\Users\suresh48\.p2\pool\plugins\org.eclipse.m2e.maven.runtime_3.9.700.20240602-2313\jars\maven-embedder-3.9.7.jar
2025-02-13 23:29:04,187 [Worker-21: Launching mavenrun-3d0547a8-5f39-451d-8d21-2ae700d89b7b] INFO  o.eclipse.m2e.core.internal.Bundles - 	Entry: C:\Users\suresh48\.p2\pool\plugins\org.eclipse.m2e.maven.runtime_3.9.700.20240602-2313\jars\maven-model-3.9.7.jar
2025-02-13 23:29:04,187 [Worker-21: Launching mavenrun-3d0547a8-5f39-451d-8d21-2ae700d89b7b] INFO  o.eclipse.m2e.core.internal.Bundles - 	Entry: C:\Users\suresh48\.p2\pool\plugins\org.eclipse.m2e.maven.runtime_3.9.700.20240602-2313\jars\maven-model-builder-3.9.7.jar
2025-02-13 23:29:04,188 [Worker-21: Launching mavenrun-3d0547a8-5f39-451d-8d21-2ae700d89b7b] INFO  o.eclipse.m2e.core.internal.Bundles - 	Entry: C:\Users\suresh48\.p2\pool\plugins\org.eclipse.m2e.maven.runtime_3.9.700.20240602-2313\jars\maven-plugin-api-3.9.7.jar
2025-02-13 23:29:04,188 [Worker-21: Launching mavenrun-3d0547a8-5f39-451d-8d21-2ae700d89b7b] INFO  o.eclipse.m2e.core.internal.Bundles - 	Entry: C:\Users\suresh48\.p2\pool\plugins\org.eclipse.m2e.maven.runtime_3.9.700.20240602-2313\jars\maven-repository-metadata-3.9.7.jar
2025-02-13 23:29:04,188 [Worker-21: Launching mavenrun-3d0547a8-5f39-451d-8d21-2ae700d89b7b] INFO  o.eclipse.m2e.core.internal.Bundles - 	Entry: C:\Users\suresh48\.p2\pool\plugins\org.eclipse.m2e.maven.runtime_3.9.700.20240602-2313\jars\maven-resolver-api-1.9.20.jar
2025-02-13 23:29:04,189 [Worker-21: Launching mavenrun-3d0547a8-5f39-451d-8d21-2ae700d89b7b] INFO  o.eclipse.m2e.core.internal.Bundles - 	Entry: C:\Users\suresh48\.p2\pool\plugins\org.eclipse.m2e.maven.runtime_3.9.700.20240602-2313\jars\maven-resolver-connector-basic-1.9.20.jar
2025-02-13 23:29:04,189 [Worker-21: Launching mavenrun-3d0547a8-5f39-451d-8d21-2ae700d89b7b] INFO  o.eclipse.m2e.core.internal.Bundles - 	Entry: C:\Users\suresh48\.p2\pool\plugins\org.eclipse.m2e.maven.runtime_3.9.700.20240602-2313\jars\maven-resolver-impl-1.9.20.jar
2025-02-13 23:29:04,189 [Worker-21: Launching mavenrun-3d0547a8-5f39-451d-8d21-2ae700d89b7b] INFO  o.eclipse.m2e.core.internal.Bundles - 	Entry: C:\Users\suresh48\.p2\pool\plugins\org.eclipse.m2e.maven.runtime_3.9.700.20240602-2313\jars\maven-resolver-named-locks-1.9.20.jar
2025-02-13 23:29:04,190 [Worker-21: Launching mavenrun-3d0547a8-5f39-451d-8d21-2ae700d89b7b] INFO  o.eclipse.m2e.core.internal.Bundles - 	Entry: C:\Users\suresh48\.p2\pool\plugins\org.eclipse.m2e.maven.runtime_3.9.700.20240602-2313\jars\maven-resolver-provider-3.9.7.jar
2025-02-13 23:29:04,190 [Worker-21: Launching mavenrun-3d0547a8-5f39-451d-8d21-2ae700d89b7b] INFO  o.eclipse.m2e.core.internal.Bundles - 	Entry: C:\Users\suresh48\.p2\pool\plugins\org.eclipse.m2e.maven.runtime_3.9.700.20240602-2313\jars\maven-resolver-spi-1.9.20.jar
2025-02-13 23:29:04,190 [Worker-21: Launching mavenrun-3d0547a8-5f39-451d-8d21-2ae700d89b7b] INFO  o.eclipse.m2e.core.internal.Bundles - 	Entry: C:\Users\suresh48\.p2\pool\plugins\org.eclipse.m2e.maven.runtime_3.9.700.20240602-2313\jars\maven-resolver-transport-file-1.9.20.jar
2025-02-13 23:29:04,190 [Worker-21: Launching mavenrun-3d0547a8-5f39-451d-8d21-2ae700d89b7b] INFO  o.eclipse.m2e.core.internal.Bundles - 	Entry: C:\Users\suresh48\.p2\pool\plugins\org.eclipse.m2e.maven.runtime_3.9.700.20240602-2313\jars\maven-resolver-transport-http-1.9.20.jar
2025-02-13 23:29:04,191 [Worker-21: Launching mavenrun-3d0547a8-5f39-451d-8d21-2ae700d89b7b] INFO  o.eclipse.m2e.core.internal.Bundles - 	Entry: C:\Users\suresh48\.p2\pool\plugins\org.eclipse.m2e.maven.runtime_3.9.700.20240602-2313\jars\maven-resolver-transport-wagon-1.9.20.jar
2025-02-13 23:29:04,191 [Worker-21: Launching mavenrun-3d0547a8-5f39-451d-8d21-2ae700d89b7b] INFO  o.eclipse.m2e.core.internal.Bundles - 	Entry: C:\Users\suresh48\.p2\pool\plugins\org.eclipse.m2e.maven.runtime_3.9.700.20240602-2313\jars\maven-resolver-util-1.9.20.jar
2025-02-13 23:29:04,191 [Worker-21: Launching mavenrun-3d0547a8-5f39-451d-8d21-2ae700d89b7b] INFO  o.eclipse.m2e.core.internal.Bundles - 	Entry: C:\Users\suresh48\.p2\pool\plugins\org.eclipse.m2e.maven.runtime_3.9.700.20240602-2313\jars\maven-settings-3.9.7.jar
2025-02-13 23:29:04,191 [Worker-21: Launching mavenrun-3d0547a8-5f39-451d-8d21-2ae700d89b7b] INFO  o.eclipse.m2e.core.internal.Bundles - 	Entry: C:\Users\suresh48\.p2\pool\plugins\org.eclipse.m2e.maven.runtime_3.9.700.20240602-2313\jars\maven-settings-builder-3.9.7.jar
2025-02-13 23:29:04,191 [Worker-21: Launching mavenrun-3d0547a8-5f39-451d-8d21-2ae700d89b7b] INFO  o.eclipse.m2e.core.internal.Bundles - 	Entry: C:\Users\suresh48\.p2\pool\plugins\org.eclipse.m2e.maven.runtime_3.9.700.20240602-2313\jars\maven-shared-utils-3.4.2.jar
2025-02-13 23:29:04,192 [Worker-21: Launching mavenrun-3d0547a8-5f39-451d-8d21-2ae700d89b7b] INFO  o.eclipse.m2e.core.internal.Bundles - 	Entry: C:\Users\suresh48\.p2\pool\plugins\org.eclipse.m2e.maven.runtime_3.9.700.20240602-2313\jars\org.eclipse.sisu.inject-0.9.0.M2.jar
2025-02-13 23:29:04,192 [Worker-21: Launching mavenrun-3d0547a8-5f39-451d-8d21-2ae700d89b7b] INFO  o.eclipse.m2e.core.internal.Bundles - 	Entry: C:\Users\suresh48\.p2\pool\plugins\org.eclipse.m2e.maven.runtime_3.9.700.20240602-2313\jars\org.eclipse.sisu.plexus-0.9.0.M2.jar
2025-02-13 23:29:04,192 [Worker-21: Launching mavenrun-3d0547a8-5f39-451d-8d21-2ae700d89b7b] INFO  o.eclipse.m2e.core.internal.Bundles - 	Entry: C:\Users\suresh48\.p2\pool\plugins\org.eclipse.m2e.maven.runtime_3.9.700.20240602-2313\jars\plexus-build-api-0.0.7.jar
2025-02-13 23:29:04,192 [Worker-21: Launching mavenrun-3d0547a8-5f39-451d-8d21-2ae700d89b7b] INFO  o.eclipse.m2e.core.internal.Bundles - 	Entry: C:\Users\suresh48\.p2\pool\plugins\org.eclipse.m2e.maven.runtime_3.9.700.20240602-2313\jars\plexus-build-api-1.2.0.jar
2025-02-13 23:29:04,192 [Worker-21: Launching mavenrun-3d0547a8-5f39-451d-8d21-2ae700d89b7b] INFO  o.eclipse.m2e.core.internal.Bundles - 	Entry: C:\Users\suresh48\.p2\pool\plugins\org.eclipse.m2e.maven.runtime_3.9.700.20240602-2313\jars\plexus-cipher-2.0.jar
2025-02-13 23:29:04,192 [Worker-21: Launching mavenrun-3d0547a8-5f39-451d-8d21-2ae700d89b7b] INFO  o.eclipse.m2e.core.internal.Bundles - 	Entry: C:\Users\suresh48\.p2\pool\plugins\org.eclipse.m2e.maven.runtime_3.9.700.20240602-2313\jars\plexus-classworlds-2.8.0.jar
2025-02-13 23:29:04,192 [Worker-21: Launching mavenrun-3d0547a8-5f39-451d-8d21-2ae700d89b7b] INFO  o.eclipse.m2e.core.internal.Bundles - 	Entry: C:\Users\suresh48\.p2\pool\plugins\org.eclipse.m2e.maven.runtime_3.9.700.20240602-2313\jars\plexus-component-annotations-2.1.0.jar
2025-02-13 23:29:04,194 [Worker-21: Launching mavenrun-3d0547a8-5f39-451d-8d21-2ae700d89b7b] INFO  o.eclipse.m2e.core.internal.Bundles - 	Entry: C:\Users\suresh48\.p2\pool\plugins\org.eclipse.m2e.maven.runtime_3.9.700.20240602-2313\jars\plexus-interpolation-1.27.jar
2025-02-13 23:29:04,194 [Worker-21: Launching mavenrun-3d0547a8-5f39-451d-8d21-2ae700d89b7b] INFO  o.eclipse.m2e.core.internal.Bundles - 	Entry: C:\Users\suresh48\.p2\pool\plugins\org.eclipse.m2e.maven.runtime_3.9.700.20240602-2313\jars\plexus-sec-dispatcher-2.0.jar
2025-02-13 23:29:04,194 [Worker-21: Launching mavenrun-3d0547a8-5f39-451d-8d21-2ae700d89b7b] INFO  o.eclipse.m2e.core.internal.Bundles - 	Entry: C:\Users\suresh48\.p2\pool\plugins\org.eclipse.m2e.maven.runtime_3.9.700.20240602-2313\jars\plexus-utils-3.5.1.jar
2025-02-13 23:29:04,194 [Worker-21: Launching mavenrun-3d0547a8-5f39-451d-8d21-2ae700d89b7b] INFO  o.eclipse.m2e.core.internal.Bundles - 	Entry: C:\Users\suresh48\.p2\pool\plugins\org.eclipse.m2e.maven.runtime_3.9.700.20240602-2313\jars\wagon-file-3.5.3.jar
2025-02-13 23:29:04,195 [Worker-21: Launching mavenrun-3d0547a8-5f39-451d-8d21-2ae700d89b7b] INFO  o.eclipse.m2e.core.internal.Bundles - 	Entry: C:\Users\suresh48\.p2\pool\plugins\org.eclipse.m2e.maven.runtime_3.9.700.20240602-2313\jars\wagon-http-3.5.3.jar
2025-02-13 23:29:04,195 [Worker-21: Launching mavenrun-3d0547a8-5f39-451d-8d21-2ae700d89b7b] INFO  o.eclipse.m2e.core.internal.Bundles - 	Entry: C:\Users\suresh48\.p2\pool\plugins\org.eclipse.m2e.maven.runtime_3.9.700.20240602-2313\jars\wagon-http-shared-3.5.3.jar
2025-02-13 23:29:04,195 [Worker-21: Launching mavenrun-3d0547a8-5f39-451d-8d21-2ae700d89b7b] INFO  o.eclipse.m2e.core.internal.Bundles - 	Entry: C:\Users\suresh48\.p2\pool\plugins\org.eclipse.m2e.maven.runtime_3.9.700.20240602-2313\jars\wagon-provider-api-3.5.3.jar
2025-02-13 23:29:04,195 [Worker-21: Launching mavenrun-3d0547a8-5f39-451d-8d21-2ae700d89b7b] INFO  o.eclipse.m2e.core.internal.Bundles - getClasspathEntries(Bundle=com.google.guava_33.2.0.jre [16])
2025-02-13 23:29:04,196 [Worker-21: Launching mavenrun-3d0547a8-5f39-451d-8d21-2ae700d89b7b] INFO  o.eclipse.m2e.core.internal.Bundles - 	Entry: C:\Users\suresh48\.p2\pool\plugins\com.google.guava_33.2.0.jre.jar
2025-02-13 23:29:04,196 [Worker-21: Launching mavenrun-3d0547a8-5f39-451d-8d21-2ae700d89b7b] INFO  o.eclipse.m2e.core.internal.Bundles - getClasspathEntries(Bundle=slf4j.api_2.0.16 [1009])
2025-02-13 23:29:04,196 [Worker-21: Launching mavenrun-3d0547a8-5f39-451d-8d21-2ae700d89b7b] INFO  o.eclipse.m2e.core.internal.Bundles - 	Entry: C:\Users\suresh48\.p2\pool\plugins\slf4j.api_2.0.16.jar
2025-02-13 23:29:04,196 [Worker-21: Launching mavenrun-3d0547a8-5f39-451d-8d21-2ae700d89b7b] INFO  o.eclipse.m2e.core.internal.Bundles - getClasspathEntries(Bundle=jakarta.inject.jakarta.inject-api_1.0.5 [33])
2025-02-13 23:29:04,197 [Worker-21: Launching mavenrun-3d0547a8-5f39-451d-8d21-2ae700d89b7b] INFO  o.eclipse.m2e.core.internal.Bundles - 	Entry: C:\Users\suresh48\.p2\pool\plugins\jakarta.inject.jakarta.inject-api_1.0.5.jar
2025-02-13 23:29:04,197 [Worker-21: Launching mavenrun-3d0547a8-5f39-451d-8d21-2ae700d89b7b] INFO  o.eclipse.m2e.core.internal.Bundles - getClasspathEntries(Bundle=javax.annotation_1.3.5.v20200909-1856 [44])
2025-02-13 23:29:04,197 [Worker-21: Launching mavenrun-3d0547a8-5f39-451d-8d21-2ae700d89b7b] INFO  o.eclipse.m2e.core.internal.Bundles - 	Entry: C:\Users\suresh48\.p2\pool\plugins\javax.annotation_1.3.5.v20200909-1856.jar
2025-02-13 23:29:04,198 [Worker-21: Launching mavenrun-3d0547a8-5f39-451d-8d21-2ae700d89b7b] INFO  o.eclipse.m2e.core.internal.Bundles - getClasspathEntries(Bundle=org.apache.commons.cli_1.8.0 [78])
2025-02-13 23:29:04,198 [Worker-21: Launching mavenrun-3d0547a8-5f39-451d-8d21-2ae700d89b7b] INFO  o.eclipse.m2e.core.internal.Bundles - 	Entry: C:\Users\suresh48\.p2\pool\plugins\org.apache.commons.cli_1.8.0.jar
2025-02-13 23:29:04,198 [Worker-21: Launching mavenrun-3d0547a8-5f39-451d-8d21-2ae700d89b7b] INFO  o.eclipse.m2e.core.internal.Bundles - getClasspathEntries(Bundle=org.apache.commons.commons-codec_1.16.0 [81])
2025-02-13 23:29:04,199 [Worker-21: Launching mavenrun-3d0547a8-5f39-451d-8d21-2ae700d89b7b] INFO  o.eclipse.m2e.core.internal.Bundles - 	Entry: C:\Users\suresh48\.p2\pool\plugins\org.apache.commons.commons-codec_1.16.0.jar
2025-02-13 23:29:04,199 [Worker-21: Launching mavenrun-3d0547a8-5f39-451d-8d21-2ae700d89b7b] INFO  o.eclipse.m2e.core.internal.Bundles - getClasspathEntries(Bundle=org.apache.commons.lang3_3.14.0 [89])
2025-02-13 23:29:04,200 [Worker-21: Launching mavenrun-3d0547a8-5f39-451d-8d21-2ae700d89b7b] INFO  o.eclipse.m2e.core.internal.Bundles - 	Entry: C:\Users\suresh48\.p2\pool\plugins\org.apache.commons.lang3_3.14.0.jar
2025-02-13 23:29:04,200 [Worker-21: Launching mavenrun-3d0547a8-5f39-451d-8d21-2ae700d89b7b] INFO  o.eclipse.m2e.core.internal.Bundles - getClasspathEntries(Bundle=com.google.guava.failureaccess_1.0.2 [17])
2025-02-13 23:29:04,200 [Worker-21: Launching mavenrun-3d0547a8-5f39-451d-8d21-2ae700d89b7b] INFO  o.eclipse.m2e.core.internal.Bundles - 	Entry: C:\Users\suresh48\.p2\pool\plugins\com.google.guava.failureaccess_1.0.2.jar
2025-02-13 23:29:04,201 [Worker-21: Launching mavenrun-3d0547a8-5f39-451d-8d21-2ae700d89b7b] INFO  o.e.m.i.launch.MavenLaunchDelegate - Run build in "C:\Users\suresh48\AppData\Local\Temp\m2e-archetypeGenerator14717964316858403303":
2025-02-13 23:29:04,202 [Worker-21: Launching mavenrun-3d0547a8-5f39-451d-8d21-2ae700d89b7b] INFO  o.e.m.i.launch.MavenLaunchDelegate -  mvn  -DarchetypeGroupId=org.apache.maven.archetypes -DarchetypeArtifactId=maven-archetype-quickstart -DarchetypeVersion=1.1 -DgroupId=com.app -DartifactId=StudentApp1 -Dversion=0.0.1-SNAPSHOT -Dpackage=Pentagon -DoutputDirectory=C:\j2ee_workspace -Dstyle.color=always -U archetype:generate
2025-02-13 23:29:48,096 [Worker-19: Launching mavenrun-aac4b008-a97f-49de-8995-311795c9b420] INFO  o.eclipse.m2e.core.internal.Bundles - getClasspathEntries(Bundle=org.eclipse.m2e.maven.runtime_3.9.700.20240602-2313 [644])
2025-02-13 23:29:48,099 [Worker-19: Launching mavenrun-aac4b008-a97f-49de-8995-311795c9b420] INFO  o.eclipse.m2e.core.internal.Bundles - 	Entry: C:\Users\suresh48\.p2\pool\plugins\org.eclipse.m2e.maven.runtime_3.9.700.20240602-2313
2025-02-13 23:29:48,100 [Worker-19: Launching mavenrun-aac4b008-a97f-49de-8995-311795c9b420] INFO  o.eclipse.m2e.core.internal.Bundles - 	Entry: C:\Users\suresh48\.p2\pool\plugins\org.eclipse.m2e.maven.runtime_3.9.700.20240602-2313\jars\aopalliance-1.0.jar
2025-02-13 23:29:48,100 [Worker-19: Launching mavenrun-aac4b008-a97f-49de-8995-311795c9b420] INFO  o.eclipse.m2e.core.internal.Bundles - 	Entry: C:\Users\suresh48\.p2\pool\plugins\org.eclipse.m2e.maven.runtime_3.9.700.20240602-2313\jars\guice-5.1.0.jar
2025-02-13 23:29:48,101 [Worker-19: Launching mavenrun-aac4b008-a97f-49de-8995-311795c9b420] INFO  o.eclipse.m2e.core.internal.Bundles - 	Entry: C:\Users\suresh48\.p2\pool\plugins\org.eclipse.m2e.maven.runtime_3.9.700.20240602-2313\jars\httpclient-4.5.14.jar
2025-02-13 23:29:48,102 [Worker-19: Launching mavenrun-aac4b008-a97f-49de-8995-311795c9b420] INFO  o.eclipse.m2e.core.internal.Bundles - 	Entry: C:\Users\suresh48\.p2\pool\plugins\org.eclipse.m2e.maven.runtime_3.9.700.20240602-2313\jars\httpcore-4.4.16.jar
2025-02-13 23:29:48,102 [Worker-19: Launching mavenrun-aac4b008-a97f-49de-8995-311795c9b420] INFO  o.eclipse.m2e.core.internal.Bundles - 	Entry: C:\Users\suresh48\.p2\pool\plugins\org.eclipse.m2e.maven.runtime_3.9.700.20240602-2313\jars\jansi-2.4.1.jar
2025-02-13 23:29:48,103 [Worker-19: Launching mavenrun-aac4b008-a97f-49de-8995-311795c9b420] INFO  o.eclipse.m2e.core.internal.Bundles - 	Entry: C:\Users\suresh48\.p2\pool\plugins\org.eclipse.m2e.maven.runtime_3.9.700.20240602-2313\jars\jcl-over-slf4j-1.7.36.jar
2025-02-13 23:29:48,104 [Worker-19: Launching mavenrun-aac4b008-a97f-49de-8995-311795c9b420] INFO  o.eclipse.m2e.core.internal.Bundles - 	Entry: C:\Users\suresh48\.p2\pool\plugins\org.eclipse.m2e.maven.runtime_3.9.700.20240602-2313\jars\maven-artifact-3.9.7.jar
2025-02-13 23:29:48,104 [Worker-19: Launching mavenrun-aac4b008-a97f-49de-8995-311795c9b420] INFO  o.eclipse.m2e.core.internal.Bundles - 	Entry: C:\Users\suresh48\.p2\pool\plugins\org.eclipse.m2e.maven.runtime_3.9.700.20240602-2313\jars\maven-builder-support-3.9.7.jar
2025-02-13 23:29:48,105 [Worker-19: Launching mavenrun-aac4b008-a97f-49de-8995-311795c9b420] INFO  o.eclipse.m2e.core.internal.Bundles - 	Entry: C:\Users\suresh48\.p2\pool\plugins\org.eclipse.m2e.maven.runtime_3.9.700.20240602-2313\jars\maven-compat-3.9.7.jar
2025-02-13 23:29:48,105 [Worker-19: Launching mavenrun-aac4b008-a97f-49de-8995-311795c9b420] INFO  o.eclipse.m2e.core.internal.Bundles - 	Entry: C:\Users\suresh48\.p2\pool\plugins\org.eclipse.m2e.maven.runtime_3.9.700.20240602-2313\jars\maven-core-3.9.7.jar
2025-02-13 23:29:48,106 [Worker-19: Launching mavenrun-aac4b008-a97f-49de-8995-311795c9b420] INFO  o.eclipse.m2e.core.internal.Bundles - 	Entry: C:\Users\suresh48\.p2\pool\plugins\org.eclipse.m2e.maven.runtime_3.9.700.20240602-2313\jars\maven-embedder-3.9.7.jar
2025-02-13 23:29:48,106 [Worker-19: Launching mavenrun-aac4b008-a97f-49de-8995-311795c9b420] INFO  o.eclipse.m2e.core.internal.Bundles - 	Entry: C:\Users\suresh48\.p2\pool\plugins\org.eclipse.m2e.maven.runtime_3.9.700.20240602-2313\jars\maven-model-3.9.7.jar
2025-02-13 23:29:48,107 [Worker-19: Launching mavenrun-aac4b008-a97f-49de-8995-311795c9b420] INFO  o.eclipse.m2e.core.internal.Bundles - 	Entry: C:\Users\suresh48\.p2\pool\plugins\org.eclipse.m2e.maven.runtime_3.9.700.20240602-2313\jars\maven-model-builder-3.9.7.jar
2025-02-13 23:29:48,107 [Worker-19: Launching mavenrun-aac4b008-a97f-49de-8995-311795c9b420] INFO  o.eclipse.m2e.core.internal.Bundles - 	Entry: C:\Users\suresh48\.p2\pool\plugins\org.eclipse.m2e.maven.runtime_3.9.700.20240602-2313\jars\maven-plugin-api-3.9.7.jar
2025-02-13 23:29:48,108 [Worker-19: Launching mavenrun-aac4b008-a97f-49de-8995-311795c9b420] INFO  o.eclipse.m2e.core.internal.Bundles - 	Entry: C:\Users\suresh48\.p2\pool\plugins\org.eclipse.m2e.maven.runtime_3.9.700.20240602-2313\jars\maven-repository-metadata-3.9.7.jar
2025-02-13 23:29:48,108 [Worker-19: Launching mavenrun-aac4b008-a97f-49de-8995-311795c9b420] INFO  o.eclipse.m2e.core.internal.Bundles - 	Entry: C:\Users\suresh48\.p2\pool\plugins\org.eclipse.m2e.maven.runtime_3.9.700.20240602-2313\jars\maven-resolver-api-1.9.20.jar
2025-02-13 23:29:48,108 [Worker-19: Launching mavenrun-aac4b008-a97f-49de-8995-311795c9b420] INFO  o.eclipse.m2e.core.internal.Bundles - 	Entry: C:\Users\suresh48\.p2\pool\plugins\org.eclipse.m2e.maven.runtime_3.9.700.20240602-2313\jars\maven-resolver-connector-basic-1.9.20.jar
2025-02-13 23:29:48,109 [Worker-19: Launching mavenrun-aac4b008-a97f-49de-8995-311795c9b420] INFO  o.eclipse.m2e.core.internal.Bundles - 	Entry: C:\Users\suresh48\.p2\pool\plugins\org.eclipse.m2e.maven.runtime_3.9.700.20240602-2313\jars\maven-resolver-impl-1.9.20.jar
2025-02-13 23:29:48,109 [Worker-19: Launching mavenrun-aac4b008-a97f-49de-8995-311795c9b420] INFO  o.eclipse.m2e.core.internal.Bundles - 	Entry: C:\Users\suresh48\.p2\pool\plugins\org.eclipse.m2e.maven.runtime_3.9.700.20240602-2313\jars\maven-resolver-named-locks-1.9.20.jar
2025-02-13 23:29:48,110 [Worker-19: Launching mavenrun-aac4b008-a97f-49de-8995-311795c9b420] INFO  o.eclipse.m2e.core.internal.Bundles - 	Entry: C:\Users\suresh48\.p2\pool\plugins\org.eclipse.m2e.maven.runtime_3.9.700.20240602-2313\jars\maven-resolver-provider-3.9.7.jar
2025-02-13 23:29:48,110 [Worker-19: Launching mavenrun-aac4b008-a97f-49de-8995-311795c9b420] INFO  o.eclipse.m2e.core.internal.Bundles - 	Entry: C:\Users\suresh48\.p2\pool\plugins\org.eclipse.m2e.maven.runtime_3.9.700.20240602-2313\jars\maven-resolver-spi-1.9.20.jar
2025-02-13 23:29:48,111 [Worker-19: Launching mavenrun-aac4b008-a97f-49de-8995-311795c9b420] INFO  o.eclipse.m2e.core.internal.Bundles - 	Entry: C:\Users\suresh48\.p2\pool\plugins\org.eclipse.m2e.maven.runtime_3.9.700.20240602-2313\jars\maven-resolver-transport-file-1.9.20.jar
2025-02-13 23:29:48,111 [Worker-19: Launching mavenrun-aac4b008-a97f-49de-8995-311795c9b420] INFO  o.eclipse.m2e.core.internal.Bundles - 	Entry: C:\Users\suresh48\.p2\pool\plugins\org.eclipse.m2e.maven.runtime_3.9.700.20240602-2313\jars\maven-resolver-transport-http-1.9.20.jar
2025-02-13 23:29:48,111 [Worker-19: Launching mavenrun-aac4b008-a97f-49de-8995-311795c9b420] INFO  o.eclipse.m2e.core.internal.Bundles - 	Entry: C:\Users\suresh48\.p2\pool\plugins\org.eclipse.m2e.maven.runtime_3.9.700.20240602-2313\jars\maven-resolver-transport-wagon-1.9.20.jar
2025-02-13 23:29:48,112 [Worker-19: Launching mavenrun-aac4b008-a97f-49de-8995-311795c9b420] INFO  o.eclipse.m2e.core.internal.Bundles - 	Entry: C:\Users\suresh48\.p2\pool\plugins\org.eclipse.m2e.maven.runtime_3.9.700.20240602-2313\jars\maven-resolver-util-1.9.20.jar
2025-02-13 23:29:48,112 [Worker-19: Launching mavenrun-aac4b008-a97f-49de-8995-311795c9b420] INFO  o.eclipse.m2e.core.internal.Bundles - 	Entry: C:\Users\suresh48\.p2\pool\plugins\org.eclipse.m2e.maven.runtime_3.9.700.20240602-2313\jars\maven-settings-3.9.7.jar
2025-02-13 23:29:48,113 [Worker-19: Launching mavenrun-aac4b008-a97f-49de-8995-311795c9b420] INFO  o.eclipse.m2e.core.internal.Bundles - 	Entry: C:\Users\suresh48\.p2\pool\plugins\org.eclipse.m2e.maven.runtime_3.9.700.20240602-2313\jars\maven-settings-builder-3.9.7.jar
2025-02-13 23:29:48,113 [Worker-19: Launching mavenrun-aac4b008-a97f-49de-8995-311795c9b420] INFO  o.eclipse.m2e.core.internal.Bundles - 	Entry: C:\Users\suresh48\.p2\pool\plugins\org.eclipse.m2e.maven.runtime_3.9.700.20240602-2313\jars\maven-shared-utils-3.4.2.jar
2025-02-13 23:29:48,113 [Worker-19: Launching mavenrun-aac4b008-a97f-49de-8995-311795c9b420] INFO  o.eclipse.m2e.core.internal.Bundles - 	Entry: C:\Users\suresh48\.p2\pool\plugins\org.eclipse.m2e.maven.runtime_3.9.700.20240602-2313\jars\org.eclipse.sisu.inject-0.9.0.M2.jar
2025-02-13 23:29:48,114 [Worker-19: Launching mavenrun-aac4b008-a97f-49de-8995-311795c9b420] INFO  o.eclipse.m2e.core.internal.Bundles - 	Entry: C:\Users\suresh48\.p2\pool\plugins\org.eclipse.m2e.maven.runtime_3.9.700.20240602-2313\jars\org.eclipse.sisu.plexus-0.9.0.M2.jar
2025-02-13 23:29:48,114 [Worker-19: Launching mavenrun-aac4b008-a97f-49de-8995-311795c9b420] INFO  o.eclipse.m2e.core.internal.Bundles - 	Entry: C:\Users\suresh48\.p2\pool\plugins\org.eclipse.m2e.maven.runtime_3.9.700.20240602-2313\jars\plexus-build-api-0.0.7.jar
2025-02-13 23:29:48,114 [Worker-19: Launching mavenrun-aac4b008-a97f-49de-8995-311795c9b420] INFO  o.eclipse.m2e.core.internal.Bundles - 	Entry: C:\Users\suresh48\.p2\pool\plugins\org.eclipse.m2e.maven.runtime_3.9.700.20240602-2313\jars\plexus-build-api-1.2.0.jar
2025-02-13 23:29:48,115 [Worker-19: Launching mavenrun-aac4b008-a97f-49de-8995-311795c9b420] INFO  o.eclipse.m2e.core.internal.Bundles - 	Entry: C:\Users\suresh48\.p2\pool\plugins\org.eclipse.m2e.maven.runtime_3.9.700.20240602-2313\jars\plexus-cipher-2.0.jar
2025-02-13 23:29:48,115 [Worker-19: Launching mavenrun-aac4b008-a97f-49de-8995-311795c9b420] INFO  o.eclipse.m2e.core.internal.Bundles - 	Entry: C:\Users\suresh48\.p2\pool\plugins\org.eclipse.m2e.maven.runtime_3.9.700.20240602-2313\jars\plexus-classworlds-2.8.0.jar
2025-02-13 23:29:48,115 [Worker-19: Launching mavenrun-aac4b008-a97f-49de-8995-311795c9b420] INFO  o.eclipse.m2e.core.internal.Bundles - 	Entry: C:\Users\suresh48\.p2\pool\plugins\org.eclipse.m2e.maven.runtime_3.9.700.20240602-2313\jars\plexus-component-annotations-2.1.0.jar
2025-02-13 23:29:48,117 [Worker-19: Launching mavenrun-aac4b008-a97f-49de-8995-311795c9b420] INFO  o.eclipse.m2e.core.internal.Bundles - 	Entry: C:\Users\suresh48\.p2\pool\plugins\org.eclipse.m2e.maven.runtime_3.9.700.20240602-2313\jars\plexus-interpolation-1.27.jar
2025-02-13 23:29:48,117 [Worker-19: Launching mavenrun-aac4b008-a97f-49de-8995-311795c9b420] INFO  o.eclipse.m2e.core.internal.Bundles - 	Entry: C:\Users\suresh48\.p2\pool\plugins\org.eclipse.m2e.maven.runtime_3.9.700.20240602-2313\jars\plexus-sec-dispatcher-2.0.jar
2025-02-13 23:29:48,118 [Worker-19: Launching mavenrun-aac4b008-a97f-49de-8995-311795c9b420] INFO  o.eclipse.m2e.core.internal.Bundles - 	Entry: C:\Users\suresh48\.p2\pool\plugins\org.eclipse.m2e.maven.runtime_3.9.700.20240602-2313\jars\plexus-utils-3.5.1.jar
2025-02-13 23:29:48,118 [Worker-19: Launching mavenrun-aac4b008-a97f-49de-8995-311795c9b420] INFO  o.eclipse.m2e.core.internal.Bundles - 	Entry: C:\Users\suresh48\.p2\pool\plugins\org.eclipse.m2e.maven.runtime_3.9.700.20240602-2313\jars\wagon-file-3.5.3.jar
2025-02-13 23:29:48,118 [Worker-19: Launching mavenrun-aac4b008-a97f-49de-8995-311795c9b420] INFO  o.eclipse.m2e.core.internal.Bundles - 	Entry: C:\Users\suresh48\.p2\pool\plugins\org.eclipse.m2e.maven.runtime_3.9.700.20240602-2313\jars\wagon-http-3.5.3.jar
2025-02-13 23:29:48,119 [Worker-19: Launching mavenrun-aac4b008-a97f-49de-8995-311795c9b420] INFO  o.eclipse.m2e.core.internal.Bundles - 	Entry: C:\Users\suresh48\.p2\pool\plugins\org.eclipse.m2e.maven.runtime_3.9.700.20240602-2313\jars\wagon-http-shared-3.5.3.jar
2025-02-13 23:29:48,120 [Worker-19: Launching mavenrun-aac4b008-a97f-49de-8995-311795c9b420] INFO  o.eclipse.m2e.core.internal.Bundles - 	Entry: C:\Users\suresh48\.p2\pool\plugins\org.eclipse.m2e.maven.runtime_3.9.700.20240602-2313\jars\wagon-provider-api-3.5.3.jar
2025-02-13 23:29:48,121 [Worker-19: Launching mavenrun-aac4b008-a97f-49de-8995-311795c9b420] INFO  o.eclipse.m2e.core.internal.Bundles - getClasspathEntries(Bundle=com.google.guava_33.2.0.jre [16])
2025-02-13 23:29:48,122 [Worker-19: Launching mavenrun-aac4b008-a97f-49de-8995-311795c9b420] INFO  o.eclipse.m2e.core.internal.Bundles - 	Entry: C:\Users\suresh48\.p2\pool\plugins\com.google.guava_33.2.0.jre.jar
2025-02-13 23:29:48,122 [Worker-19: Launching mavenrun-aac4b008-a97f-49de-8995-311795c9b420] INFO  o.eclipse.m2e.core.internal.Bundles - getClasspathEntries(Bundle=slf4j.api_2.0.16 [1009])
2025-02-13 23:29:48,122 [Worker-19: Launching mavenrun-aac4b008-a97f-49de-8995-311795c9b420] INFO  o.eclipse.m2e.core.internal.Bundles - 	Entry: C:\Users\suresh48\.p2\pool\plugins\slf4j.api_2.0.16.jar
2025-02-13 23:29:48,122 [Worker-19: Launching mavenrun-aac4b008-a97f-49de-8995-311795c9b420] INFO  o.eclipse.m2e.core.internal.Bundles - getClasspathEntries(Bundle=jakarta.inject.jakarta.inject-api_1.0.5 [33])
2025-02-13 23:29:48,123 [Worker-19: Launching mavenrun-aac4b008-a97f-49de-8995-311795c9b420] INFO  o.eclipse.m2e.core.internal.Bundles - 	Entry: C:\Users\suresh48\.p2\pool\plugins\jakarta.inject.jakarta.inject-api_1.0.5.jar
2025-02-13 23:29:48,123 [Worker-19: Launching mavenrun-aac4b008-a97f-49de-8995-311795c9b420] INFO  o.eclipse.m2e.core.internal.Bundles - getClasspathEntries(Bundle=javax.annotation_1.3.5.v20200909-1856 [44])
2025-02-13 23:29:48,124 [Worker-19: Launching mavenrun-aac4b008-a97f-49de-8995-311795c9b420] INFO  o.eclipse.m2e.core.internal.Bundles - 	Entry: C:\Users\suresh48\.p2\pool\plugins\javax.annotation_1.3.5.v20200909-1856.jar
2025-02-13 23:29:48,124 [Worker-19: Launching mavenrun-aac4b008-a97f-49de-8995-311795c9b420] INFO  o.eclipse.m2e.core.internal.Bundles - getClasspathEntries(Bundle=org.apache.commons.cli_1.8.0 [78])
2025-02-13 23:29:48,125 [Worker-19: Launching mavenrun-aac4b008-a97f-49de-8995-311795c9b420] INFO  o.eclipse.m2e.core.internal.Bundles - 	Entry: C:\Users\suresh48\.p2\pool\plugins\org.apache.commons.cli_1.8.0.jar
2025-02-13 23:29:48,125 [Worker-19: Launching mavenrun-aac4b008-a97f-49de-8995-311795c9b420] INFO  o.eclipse.m2e.core.internal.Bundles - getClasspathEntries(Bundle=org.apache.commons.commons-codec_1.16.0 [81])
2025-02-13 23:29:48,126 [Worker-19: Launching mavenrun-aac4b008-a97f-49de-8995-311795c9b420] INFO  o.eclipse.m2e.core.internal.Bundles - 	Entry: C:\Users\suresh48\.p2\pool\plugins\org.apache.commons.commons-codec_1.16.0.jar
2025-02-13 23:29:48,126 [Worker-19: Launching mavenrun-aac4b008-a97f-49de-8995-311795c9b420] INFO  o.eclipse.m2e.core.internal.Bundles - getClasspathEntries(Bundle=org.apache.commons.lang3_3.14.0 [89])
2025-02-13 23:29:48,126 [Worker-19: Launching mavenrun-aac4b008-a97f-49de-8995-311795c9b420] INFO  o.eclipse.m2e.core.internal.Bundles - 	Entry: C:\Users\suresh48\.p2\pool\plugins\org.apache.commons.lang3_3.14.0.jar
2025-02-13 23:29:48,127 [Worker-19: Launching mavenrun-aac4b008-a97f-49de-8995-311795c9b420] INFO  o.eclipse.m2e.core.internal.Bundles - getClasspathEntries(Bundle=com.google.guava.failureaccess_1.0.2 [17])
2025-02-13 23:29:48,127 [Worker-19: Launching mavenrun-aac4b008-a97f-49de-8995-311795c9b420] INFO  o.eclipse.m2e.core.internal.Bundles - 	Entry: C:\Users\suresh48\.p2\pool\plugins\com.google.guava.failureaccess_1.0.2.jar
2025-02-13 23:29:48,129 [Worker-19: Launching mavenrun-aac4b008-a97f-49de-8995-311795c9b420] INFO  o.e.m.i.launch.MavenLaunchDelegate - Run build in "C:\Users\suresh48\AppData\Local\Temp\m2e-archetypeGenerator13875074090420791658":
2025-02-13 23:29:48,129 [Worker-19: Launching mavenrun-aac4b008-a97f-49de-8995-311795c9b420] INFO  o.e.m.i.launch.MavenLaunchDelegate -  mvn  -DarchetypeGroupId=org.apache.maven.archetypes -DarchetypeArtifactId=maven-archetype-quickstart -DarchetypeVersion=1.1 -DgroupId=com.app -DartifactId=StudentApplication -Dversion=0.0.1-SNAPSHOT -Dpackage=com.app.StudentApplication -DoutputDirectory=C:\j2ee_workspace -Dstyle.color=always -U archetype:generate
2025-02-13 23:30:45,575 [Worker-13: Launching mavenrun-18d78831-dcb9-435e-922a-204fd013cdd5] INFO  o.eclipse.m2e.core.internal.Bundles - getClasspathEntries(Bundle=org.eclipse.m2e.maven.runtime_3.9.700.20240602-2313 [644])
2025-02-13 23:30:45,578 [Worker-13: Launching mavenrun-18d78831-dcb9-435e-922a-204fd013cdd5] INFO  o.eclipse.m2e.core.internal.Bundles - 	Entry: C:\Users\suresh48\.p2\pool\plugins\org.eclipse.m2e.maven.runtime_3.9.700.20240602-2313
2025-02-13 23:30:45,579 [Worker-13: Launching mavenrun-18d78831-dcb9-435e-922a-204fd013cdd5] INFO  o.eclipse.m2e.core.internal.Bundles - 	Entry: C:\Users\suresh48\.p2\pool\plugins\org.eclipse.m2e.maven.runtime_3.9.700.20240602-2313\jars\aopalliance-1.0.jar
2025-02-13 23:30:45,579 [Worker-13: Launching mavenrun-18d78831-dcb9-435e-922a-204fd013cdd5] INFO  o.eclipse.m2e.core.internal.Bundles - 	Entry: C:\Users\suresh48\.p2\pool\plugins\org.eclipse.m2e.maven.runtime_3.9.700.20240602-2313\jars\guice-5.1.0.jar
2025-02-13 23:30:45,580 [Worker-13: Launching mavenrun-18d78831-dcb9-435e-922a-204fd013cdd5] INFO  o.eclipse.m2e.core.internal.Bundles - 	Entry: C:\Users\suresh48\.p2\pool\plugins\org.eclipse.m2e.maven.runtime_3.9.700.20240602-2313\jars\httpclient-4.5.14.jar
2025-02-13 23:30:45,580 [Worker-13: Launching mavenrun-18d78831-dcb9-435e-922a-204fd013cdd5] INFO  o.eclipse.m2e.core.internal.Bundles - 	Entry: C:\Users\suresh48\.p2\pool\plugins\org.eclipse.m2e.maven.runtime_3.9.700.20240602-2313\jars\httpcore-4.4.16.jar
2025-02-13 23:30:45,581 [Worker-13: Launching mavenrun-18d78831-dcb9-435e-922a-204fd013cdd5] INFO  o.eclipse.m2e.core.internal.Bundles - 	Entry: C:\Users\suresh48\.p2\pool\plugins\org.eclipse.m2e.maven.runtime_3.9.700.20240602-2313\jars\jansi-2.4.1.jar
2025-02-13 23:30:45,581 [Worker-13: Launching mavenrun-18d78831-dcb9-435e-922a-204fd013cdd5] INFO  o.eclipse.m2e.core.internal.Bundles - 	Entry: C:\Users\suresh48\.p2\pool\plugins\org.eclipse.m2e.maven.runtime_3.9.700.20240602-2313\jars\jcl-over-slf4j-1.7.36.jar
2025-02-13 23:30:45,582 [Worker-13: Launching mavenrun-18d78831-dcb9-435e-922a-204fd013cdd5] INFO  o.eclipse.m2e.core.internal.Bundles - 	Entry: C:\Users\suresh48\.p2\pool\plugins\org.eclipse.m2e.maven.runtime_3.9.700.20240602-2313\jars\maven-artifact-3.9.7.jar
2025-02-13 23:30:45,582 [Worker-13: Launching mavenrun-18d78831-dcb9-435e-922a-204fd013cdd5] INFO  o.eclipse.m2e.core.internal.Bundles - 	Entry: C:\Users\suresh48\.p2\pool\plugins\org.eclipse.m2e.maven.runtime_3.9.700.20240602-2313\jars\maven-builder-support-3.9.7.jar
2025-02-13 23:30:45,582 [Worker-13: Launching mavenrun-18d78831-dcb9-435e-922a-204fd013cdd5] INFO  o.eclipse.m2e.core.internal.Bundles - 	Entry: C:\Users\suresh48\.p2\pool\plugins\org.eclipse.m2e.maven.runtime_3.9.700.20240602-2313\jars\maven-compat-3.9.7.jar
2025-02-13 23:30:45,583 [Worker-13: Launching mavenrun-18d78831-dcb9-435e-922a-204fd013cdd5] INFO  o.eclipse.m2e.core.internal.Bundles - 	Entry: C:\Users\suresh48\.p2\pool\plugins\org.eclipse.m2e.maven.runtime_3.9.700.20240602-2313\jars\maven-core-3.9.7.jar
2025-02-13 23:30:45,583 [Worker-13: Launching mavenrun-18d78831-dcb9-435e-922a-204fd013cdd5] INFO  o.eclipse.m2e.core.internal.Bundles - 	Entry: C:\Users\suresh48\.p2\pool\plugins\org.eclipse.m2e.maven.runtime_3.9.700.20240602-2313\jars\maven-embedder-3.9.7.jar
2025-02-13 23:30:45,583 [Worker-13: Launching mavenrun-18d78831-dcb9-435e-922a-204fd013cdd5] INFO  o.eclipse.m2e.core.internal.Bundles - 	Entry: C:\Users\suresh48\.p2\pool\plugins\org.eclipse.m2e.maven.runtime_3.9.700.20240602-2313\jars\maven-model-3.9.7.jar
2025-02-13 23:30:45,584 [Worker-13: Launching mavenrun-18d78831-dcb9-435e-922a-204fd013cdd5] INFO  o.eclipse.m2e.core.internal.Bundles - 	Entry: C:\Users\suresh48\.p2\pool\plugins\org.eclipse.m2e.maven.runtime_3.9.700.20240602-2313\jars\maven-model-builder-3.9.7.jar
2025-02-13 23:30:45,584 [Worker-13: Launching mavenrun-18d78831-dcb9-435e-922a-204fd013cdd5] INFO  o.eclipse.m2e.core.internal.Bundles - 	Entry: C:\Users\suresh48\.p2\pool\plugins\org.eclipse.m2e.maven.runtime_3.9.700.20240602-2313\jars\maven-plugin-api-3.9.7.jar
2025-02-13 23:30:45,584 [Worker-13: Launching mavenrun-18d78831-dcb9-435e-922a-204fd013cdd5] INFO  o.eclipse.m2e.core.internal.Bundles - 	Entry: C:\Users\suresh48\.p2\pool\plugins\org.eclipse.m2e.maven.runtime_3.9.700.20240602-2313\jars\maven-repository-metadata-3.9.7.jar
2025-02-13 23:30:45,585 [Worker-13: Launching mavenrun-18d78831-dcb9-435e-922a-204fd013cdd5] INFO  o.eclipse.m2e.core.internal.Bundles - 	Entry: C:\Users\suresh48\.p2\pool\plugins\org.eclipse.m2e.maven.runtime_3.9.700.20240602-2313\jars\maven-resolver-api-1.9.20.jar
2025-02-13 23:30:45,585 [Worker-13: Launching mavenrun-18d78831-dcb9-435e-922a-204fd013cdd5] INFO  o.eclipse.m2e.core.internal.Bundles - 	Entry: C:\Users\suresh48\.p2\pool\plugins\org.eclipse.m2e.maven.runtime_3.9.700.20240602-2313\jars\maven-resolver-connector-basic-1.9.20.jar
2025-02-13 23:30:45,586 [Worker-13: Launching mavenrun-18d78831-dcb9-435e-922a-204fd013cdd5] INFO  o.eclipse.m2e.core.internal.Bundles - 	Entry: C:\Users\suresh48\.p2\pool\plugins\org.eclipse.m2e.maven.runtime_3.9.700.20240602-2313\jars\maven-resolver-impl-1.9.20.jar
2025-02-13 23:30:45,586 [Worker-13: Launching mavenrun-18d78831-dcb9-435e-922a-204fd013cdd5] INFO  o.eclipse.m2e.core.internal.Bundles - 	Entry: C:\Users\suresh48\.p2\pool\plugins\org.eclipse.m2e.maven.runtime_3.9.700.20240602-2313\jars\maven-resolver-named-locks-1.9.20.jar
2025-02-13 23:30:45,586 [Worker-13: Launching mavenrun-18d78831-dcb9-435e-922a-204fd013cdd5] INFO  o.eclipse.m2e.core.internal.Bundles - 	Entry: C:\Users\suresh48\.p2\pool\plugins\org.eclipse.m2e.maven.runtime_3.9.700.20240602-2313\jars\maven-resolver-provider-3.9.7.jar
2025-02-13 23:30:45,586 [Worker-13: Launching mavenrun-18d78831-dcb9-435e-922a-204fd013cdd5] INFO  o.eclipse.m2e.core.internal.Bundles - 	Entry: C:\Users\suresh48\.p2\pool\plugins\org.eclipse.m2e.maven.runtime_3.9.700.20240602-2313\jars\maven-resolver-spi-1.9.20.jar
2025-02-13 23:30:45,587 [Worker-13: Launching mavenrun-18d78831-dcb9-435e-922a-204fd013cdd5] INFO  o.eclipse.m2e.core.internal.Bundles - 	Entry: C:\Users\suresh48\.p2\pool\plugins\org.eclipse.m2e.maven.runtime_3.9.700.20240602-2313\jars\maven-resolver-transport-file-1.9.20.jar
2025-02-13 23:30:45,587 [Worker-13: Launching mavenrun-18d78831-dcb9-435e-922a-204fd013cdd5] INFO  o.eclipse.m2e.core.internal.Bundles - 	Entry: C:\Users\suresh48\.p2\pool\plugins\org.eclipse.m2e.maven.runtime_3.9.700.20240602-2313\jars\maven-resolver-transport-http-1.9.20.jar
2025-02-13 23:30:45,587 [Worker-13: Launching mavenrun-18d78831-dcb9-435e-922a-204fd013cdd5] INFO  o.eclipse.m2e.core.internal.Bundles - 	Entry: C:\Users\suresh48\.p2\pool\plugins\org.eclipse.m2e.maven.runtime_3.9.700.20240602-2313\jars\maven-resolver-transport-wagon-1.9.20.jar
2025-02-13 23:30:45,588 [Worker-13: Launching mavenrun-18d78831-dcb9-435e-922a-204fd013cdd5] INFO  o.eclipse.m2e.core.internal.Bundles - 	Entry: C:\Users\suresh48\.p2\pool\plugins\org.eclipse.m2e.maven.runtime_3.9.700.20240602-2313\jars\maven-resolver-util-1.9.20.jar
2025-02-13 23:30:45,588 [Worker-13: Launching mavenrun-18d78831-dcb9-435e-922a-204fd013cdd5] INFO  o.eclipse.m2e.core.internal.Bundles - 	Entry: C:\Users\suresh48\.p2\pool\plugins\org.eclipse.m2e.maven.runtime_3.9.700.20240602-2313\jars\maven-settings-3.9.7.jar
2025-02-13 23:30:45,589 [Worker-13: Launching mavenrun-18d78831-dcb9-435e-922a-204fd013cdd5] INFO  o.eclipse.m2e.core.internal.Bundles - 	Entry: C:\Users\suresh48\.p2\pool\plugins\org.eclipse.m2e.maven.runtime_3.9.700.20240602-2313\jars\maven-settings-builder-3.9.7.jar
2025-02-13 23:30:45,589 [Worker-13: Launching mavenrun-18d78831-dcb9-435e-922a-204fd013cdd5] INFO  o.eclipse.m2e.core.internal.Bundles - 	Entry: C:\Users\suresh48\.p2\pool\plugins\org.eclipse.m2e.maven.runtime_3.9.700.20240602-2313\jars\maven-shared-utils-3.4.2.jar
2025-02-13 23:30:45,589 [Worker-13: Launching mavenrun-18d78831-dcb9-435e-922a-204fd013cdd5] INFO  o.eclipse.m2e.core.internal.Bundles - 	Entry: C:\Users\suresh48\.p2\pool\plugins\org.eclipse.m2e.maven.runtime_3.9.700.20240602-2313\jars\org.eclipse.sisu.inject-0.9.0.M2.jar
2025-02-13 23:30:45,591 [Worker-13: Launching mavenrun-18d78831-dcb9-435e-922a-204fd013cdd5] INFO  o.eclipse.m2e.core.internal.Bundles - 	Entry: C:\Users\suresh48\.p2\pool\plugins\org.eclipse.m2e.maven.runtime_3.9.700.20240602-2313\jars\org.eclipse.sisu.plexus-0.9.0.M2.jar
2025-02-13 23:30:45,591 [Worker-13: Launching mavenrun-18d78831-dcb9-435e-922a-204fd013cdd5] INFO  o.eclipse.m2e.core.internal.Bundles - 	Entry: C:\Users\suresh48\.p2\pool\plugins\org.eclipse.m2e.maven.runtime_3.9.700.20240602-2313\jars\plexus-build-api-0.0.7.jar
2025-02-13 23:30:45,591 [Worker-13: Launching mavenrun-18d78831-dcb9-435e-922a-204fd013cdd5] INFO  o.eclipse.m2e.core.internal.Bundles - 	Entry: C:\Users\suresh48\.p2\pool\plugins\org.eclipse.m2e.maven.runtime_3.9.700.20240602-2313\jars\plexus-build-api-1.2.0.jar
2025-02-13 23:30:45,592 [Worker-13: Launching mavenrun-18d78831-dcb9-435e-922a-204fd013cdd5] INFO  o.eclipse.m2e.core.internal.Bundles - 	Entry: C:\Users\suresh48\.p2\pool\plugins\org.eclipse.m2e.maven.runtime_3.9.700.20240602-2313\jars\plexus-cipher-2.0.jar
2025-02-13 23:30:45,592 [Worker-13: Launching mavenrun-18d78831-dcb9-435e-922a-204fd013cdd5] INFO  o.eclipse.m2e.core.internal.Bundles - 	Entry: C:\Users\suresh48\.p2\pool\plugins\org.eclipse.m2e.maven.runtime_3.9.700.20240602-2313\jars\plexus-classworlds-2.8.0.jar
2025-02-13 23:30:45,592 [Worker-13: Launching mavenrun-18d78831-dcb9-435e-922a-204fd013cdd5] INFO  o.eclipse.m2e.core.internal.Bundles - 	Entry: C:\Users\suresh48\.p2\pool\plugins\org.eclipse.m2e.maven.runtime_3.9.700.20240602-2313\jars\plexus-component-annotations-2.1.0.jar
2025-02-13 23:30:45,593 [Worker-13: Launching mavenrun-18d78831-dcb9-435e-922a-204fd013cdd5] INFO  o.eclipse.m2e.core.internal.Bundles - 	Entry: C:\Users\suresh48\.p2\pool\plugins\org.eclipse.m2e.maven.runtime_3.9.700.20240602-2313\jars\plexus-interpolation-1.27.jar
2025-02-13 23:30:45,593 [Worker-13: Launching mavenrun-18d78831-dcb9-435e-922a-204fd013cdd5] INFO  o.eclipse.m2e.core.internal.Bundles - 	Entry: C:\Users\suresh48\.p2\pool\plugins\org.eclipse.m2e.maven.runtime_3.9.700.20240602-2313\jars\plexus-sec-dispatcher-2.0.jar
2025-02-13 23:30:45,593 [Worker-13: Launching mavenrun-18d78831-dcb9-435e-922a-204fd013cdd5] INFO  o.eclipse.m2e.core.internal.Bundles - 	Entry: C:\Users\suresh48\.p2\pool\plugins\org.eclipse.m2e.maven.runtime_3.9.700.20240602-2313\jars\plexus-utils-3.5.1.jar
2025-02-13 23:30:45,594 [Worker-13: Launching mavenrun-18d78831-dcb9-435e-922a-204fd013cdd5] INFO  o.eclipse.m2e.core.internal.Bundles - 	Entry: C:\Users\suresh48\.p2\pool\plugins\org.eclipse.m2e.maven.runtime_3.9.700.20240602-2313\jars\wagon-file-3.5.3.jar
2025-02-13 23:30:45,594 [Worker-13: Launching mavenrun-18d78831-dcb9-435e-922a-204fd013cdd5] INFO  o.eclipse.m2e.core.internal.Bundles - 	Entry: C:\Users\suresh48\.p2\pool\plugins\org.eclipse.m2e.maven.runtime_3.9.700.20240602-2313\jars\wagon-http-3.5.3.jar
2025-02-13 23:30:45,594 [Worker-13: Launching mavenrun-18d78831-dcb9-435e-922a-204fd013cdd5] INFO  o.eclipse.m2e.core.internal.Bundles - 	Entry: C:\Users\suresh48\.p2\pool\plugins\org.eclipse.m2e.maven.runtime_3.9.700.20240602-2313\jars\wagon-http-shared-3.5.3.jar
2025-02-13 23:30:45,595 [Worker-13: Launching mavenrun-18d78831-dcb9-435e-922a-204fd013cdd5] INFO  o.eclipse.m2e.core.internal.Bundles - 	Entry: C:\Users\suresh48\.p2\pool\plugins\org.eclipse.m2e.maven.runtime_3.9.700.20240602-2313\jars\wagon-provider-api-3.5.3.jar
2025-02-13 23:30:45,595 [Worker-13: Launching mavenrun-18d78831-dcb9-435e-922a-204fd013cdd5] INFO  o.eclipse.m2e.core.internal.Bundles - getClasspathEntries(Bundle=com.google.guava_33.2.0.jre [16])
2025-02-13 23:30:45,596 [Worker-13: Launching mavenrun-18d78831-dcb9-435e-922a-204fd013cdd5] INFO  o.eclipse.m2e.core.internal.Bundles - 	Entry: C:\Users\suresh48\.p2\pool\plugins\com.google.guava_33.2.0.jre.jar
2025-02-13 23:30:45,596 [Worker-13: Launching mavenrun-18d78831-dcb9-435e-922a-204fd013cdd5] INFO  o.eclipse.m2e.core.internal.Bundles - getClasspathEntries(Bundle=slf4j.api_2.0.16 [1009])
2025-02-13 23:30:45,597 [Worker-13: Launching mavenrun-18d78831-dcb9-435e-922a-204fd013cdd5] INFO  o.eclipse.m2e.core.internal.Bundles - 	Entry: C:\Users\suresh48\.p2\pool\plugins\slf4j.api_2.0.16.jar
2025-02-13 23:30:45,597 [Worker-13: Launching mavenrun-18d78831-dcb9-435e-922a-204fd013cdd5] INFO  o.eclipse.m2e.core.internal.Bundles - getClasspathEntries(Bundle=jakarta.inject.jakarta.inject-api_1.0.5 [33])
2025-02-13 23:30:45,598 [Worker-13: Launching mavenrun-18d78831-dcb9-435e-922a-204fd013cdd5] INFO  o.eclipse.m2e.core.internal.Bundles - 	Entry: C:\Users\suresh48\.p2\pool\plugins\jakarta.inject.jakarta.inject-api_1.0.5.jar
2025-02-13 23:30:45,598 [Worker-13: Launching mavenrun-18d78831-dcb9-435e-922a-204fd013cdd5] INFO  o.eclipse.m2e.core.internal.Bundles - getClasspathEntries(Bundle=javax.annotation_1.3.5.v20200909-1856 [44])
2025-02-13 23:30:45,598 [Worker-13: Launching mavenrun-18d78831-dcb9-435e-922a-204fd013cdd5] INFO  o.eclipse.m2e.core.internal.Bundles - 	Entry: C:\Users\suresh48\.p2\pool\plugins\javax.annotation_1.3.5.v20200909-1856.jar
2025-02-13 23:30:45,599 [Worker-13: Launching mavenrun-18d78831-dcb9-435e-922a-204fd013cdd5] INFO  o.eclipse.m2e.core.internal.Bundles - getClasspathEntries(Bundle=org.apache.commons.cli_1.8.0 [78])
2025-02-13 23:30:45,599 [Worker-13: Launching mavenrun-18d78831-dcb9-435e-922a-204fd013cdd5] INFO  o.eclipse.m2e.core.internal.Bundles - 	Entry: C:\Users\suresh48\.p2\pool\plugins\org.apache.commons.cli_1.8.0.jar
2025-02-13 23:30:45,599 [Worker-13: Launching mavenrun-18d78831-dcb9-435e-922a-204fd013cdd5] INFO  o.eclipse.m2e.core.internal.Bundles - getClasspathEntries(Bundle=org.apache.commons.commons-codec_1.16.0 [81])
2025-02-13 23:30:45,600 [Worker-13: Launching mavenrun-18d78831-dcb9-435e-922a-204fd013cdd5] INFO  o.eclipse.m2e.core.internal.Bundles - 	Entry: C:\Users\suresh48\.p2\pool\plugins\org.apache.commons.commons-codec_1.16.0.jar
2025-02-13 23:30:45,600 [Worker-13: Launching mavenrun-18d78831-dcb9-435e-922a-204fd013cdd5] INFO  o.eclipse.m2e.core.internal.Bundles - getClasspathEntries(Bundle=org.apache.commons.lang3_3.14.0 [89])
2025-02-13 23:30:45,601 [Worker-13: Launching mavenrun-18d78831-dcb9-435e-922a-204fd013cdd5] INFO  o.eclipse.m2e.core.internal.Bundles - 	Entry: C:\Users\suresh48\.p2\pool\plugins\org.apache.commons.lang3_3.14.0.jar
2025-02-13 23:30:45,601 [Worker-13: Launching mavenrun-18d78831-dcb9-435e-922a-204fd013cdd5] INFO  o.eclipse.m2e.core.internal.Bundles - getClasspathEntries(Bundle=com.google.guava.failureaccess_1.0.2 [17])
2025-02-13 23:30:45,602 [Worker-13: Launching mavenrun-18d78831-dcb9-435e-922a-204fd013cdd5] INFO  o.eclipse.m2e.core.internal.Bundles - 	Entry: C:\Users\suresh48\.p2\pool\plugins\com.google.guava.failureaccess_1.0.2.jar
2025-02-13 23:30:45,604 [Worker-13: Launching mavenrun-18d78831-dcb9-435e-922a-204fd013cdd5] INFO  o.e.m.i.launch.MavenLaunchDelegate - Run build in "C:\Users\suresh48\AppData\Local\Temp\m2e-archetypeGenerator15846825130896333518":
2025-02-13 23:30:45,604 [Worker-13: Launching mavenrun-18d78831-dcb9-435e-922a-204fd013cdd5] INFO  o.e.m.i.launch.MavenLaunchDelegate -  mvn  -DarchetypeGroupId=org.apache.maven.archetypes -DarchetypeArtifactId=maven-archetype-quickstart -DarchetypeVersion=1.1 -DgroupId=com.app -DartifactId=Student2 -Dversion=0.0.1-SNAPSHOT -Dpackage=Pes -DoutputDirectory=C:\j2ee_workspace -Dstyle.color=always -U archetype:generate
